Start testing: Mar 26 13:43 PDT
----------------------------------------------------------
1/2 Testing: test__regression
1/2 Test: test__regression
Command: "/home/brandon/Brandon/SpriNGBoard/Week9/build/test/regression/test__regression"
Directory: /home/brandon/Brandon/SpriNGBoard/Week9/build
"test__regression" start time: Mar 26 13:43 PDT
Output:
----------------------------------------------------------
Randomness seeded to: 527251963

~~~~~~~~~~~~~~~~~~~~~~~~~~~~~~~~~~~~~~~~~~~~~~~~~~~~~~~~~~~~~~~~~~~~~~~~~~~~~~~
test__regression is a Catch2 v3.3.1 host application.
Run with -? for options

-------------------------------------------------------------------------------
check for regressions against golden data
  0
-------------------------------------------------------------------------------
/home/brandon/Brandon/SpriNGBoard/Week9/test/regression/test__regression.cc:67
...............................................................................

/home/brandon/Brandon/SpriNGBoard/Week9/test/regression/test__regression.cc:70: FAILED:
  REQUIRE( result.actual == result.golden )
with expansion:
  "Chet was added
  They are player number 1
  Pat was added
  They are player number 2
  Sue was added
  They are player number 3
  Chet is the current player
  They have rolled a 4
  Chet is not getting out of the penalty box
  Pat is the current player
  They have rolled a 2
  Pat's new location is 2
  The category is Sports
  Sports Question 0
  Answer was corrent!!!!
  Pat now has 1 Gold Coins.
  Sue is the current player
  They have rolled a 1
  Sue's new location is 1
  The category is Science
  Science Question 0
  Answer was corrent!!!!
  Sue now has 1 Gold Coins.
  Chet is the current player
  They have rolled a 1
  Chet is getting out of the penalty box
  Chet's new location is 1
  The category is Science
  Science Question 1
  Answer was correct!!!!
  Chet now has 1 Gold Coins.
  Pat is the current player
  They have rolled a 5
  Pat's new location is 7
  The category is Rock
  Rock Question 0
  Answer was corrent!!!!
  Pat now has 2 Gold Coins.
  Sue is the current player
  They have rolled a 3
  Sue's new location is 4
  The category is Pop
  Pop Question 0
  Answer was corrent!!!!
  Sue now has 2 Gold Coins.
  Chet is the current player
  They have rolled a 1
  Chet's new location is 2
  The category is Sports
  Sports Question 1
  Answer was correct!!!!
  Chet now has 2 Gold Coins.
  Pat is the current player
  They have rolled a 2
  Pat's new location is 9
  The category is Science
  Science Question 2
  Answer was corrent!!!!
  Pat now has 3 Gold Coins.
  Sue is the current player
  They have rolled a 2
  Sue's new location is 6
  The category is Sports
  Sports Question 2
  Question was incorrectly answered
  Sue was sent to the penalty box
  Chet is the current player
  They have rolled a 2
  Chet is not getting out of the penalty box
  Pat is the current player
  They have rolled a 2
  Pat's new location is 11
  The category is Rock
  Rock Question 1
  Answer was corrent!!!!
  Pat now has 4 Gold Coins.
  Sue is the current player
  They have rolled a 3
  Sue is getting out of the penalty box
  Sue's new location is 9
  The category is Science
  Science Question 3
  Answer was correct!!!!
  Sue now has 3 Gold Coins.
  Chet is the current player
  They have rolled a 1
  Chet is getting out of the penalty box
  Chet's new location is 3
  The category is Rock
  Rock Question 2
  Answer was correct!!!!
  Chet now has 3 Gold Coins.
  Pat is the current player
  They have rolled a 3
  Pat's new location is 2
  The category is Sports
  Sports Question 3
  Answer was corrent!!!!
  Pat now has 5 Gold Coins.
  Sue is the current player
  They have rolled a 5
  Sue is getting out of the penalty box
  Sue's new location is 2
  The category is Sports
  Sports Question 4
  Answer was correct!!!!
  Sue now has 4 Gold Coins.
  Chet is the current player
  They have rolled a 4
  Chet is not getting out of the penalty box
  Pat is the current player
  They have rolled a 5
  Pat's new location is 7
  The category is Rock
  Rock Question 3
  Answer was corrent!!!!
  Pat now has 6 Gold Coins.
  "
  ==
  "Chet was added
  They are player number 1
  Pat was added
  They are player number 2
  Sue was added
  They are player number 3
  Chet is the current player
  They have rolled a 4
  Chet is not getting out of the penalty box
  Question was incorrectly answered
  Chet was sent to the penalty box
  Pat is the current player
  They have rolled a 3
  Pat's new location is 3
  The category is Rock
  Rock Question 0
  Question was incorrectly answered
  Pat was sent to the penalty box
  Sue is the current player
  They have rolled a 4
  Sue's new location is 4
  The category is Pop
  Pop Question 0
  Question was incorrectly answered
  Sue was sent to the penalty box
  Chet is the current player
  They have rolled a 2
  Chet is not getting out of the penalty box
  Pat is the current player
  They have rolled a 5
  Pat is getting out of the penalty box
  Pat's new location is 8
  The category is Pop
  Pop Question 1
  Answer was correct!!!!
  Pat now has 1 Gold Coins.
  Sue is the current player
  They have rolled a 3
  Sue is getting out of the penalty box
  Sue's new location is 7
  The category is Rock
  Rock Question 1
  Answer was correct!!!!
  Sue now has 1 Gold Coins.
  Chet is the current player
  They have rolled a 1
  Chet is getting out of the penalty box
  Chet's new location is 1
  The category is Science
  Science Question 0
  Question was incorrectly answered
  Chet was sent to the penalty box
  Pat is the current player
  They have rolled a 4
  Pat is not getting out of the penalty box
  Sue is the current player
  They have rolled a 1
  Sue is getting out of the penalty box
  Sue's new location is 8
  The category is Pop
  Pop Question 2
  Answer was correct!!!!
  Sue now has 2 Gold Coins.
  Chet is the current player
  They have rolled a 3
  Chet is getting out of the penalty box
  Chet's new location is 4
  The category is Pop
  Pop Question 3
  Answer was correct!!!!
  Chet now has 1 Gold Coins.
  Pat is the current player
  They have rolled a 2
  Pat is not getting out of the penalty box
  Sue is the current player
  They have rolled a 3
  Sue is getting out of the penalty box
  Sue's new location is 11
  The category is Rock
  Rock Question 2
  Answer was correct!!!!
  Sue now has 3 Gold Coins.
  Chet is the current player
  They have rolled a 3
  Chet is getting out of the penalty box
  Chet's new location is 7
  The category is Rock
  Rock Question 3
  Answer was correct!!!!
  Chet now has 2 Gold Coins.
  Pat is the current player
  They have rolled a 3
  Pat is getting out of the penalty box
  Pat's new location is 11
  The category is Rock
  Rock Question 4
  Answer was correct!!!!
  Pat now has 2 Gold Coins.
  Sue is the current player
  They have rolled a 3
  Sue is getting out of the penalty box
  Sue's new location is 2
  The category is Sports
  Sports Question 0
  Answer was correct!!!!
  Sue now has 4 Gold Coins.
  Chet is the current player
  They have rolled a 5
  Chet is getting out of the penalty box
  Chet's new location is 0
  The category is Pop
  Pop Question 4
  Answer was correct!!!!
  Chet now has 3 Gold Coins.
  Pat is the current player
  They have rolled a 3
  Pat is getting out of the penalty box
  Pat's new location is 2
  The category is Sports
  Sports Question 1
  Answer was correct!!!!
  Pat now has 3 Gold Coins.
  Sue is the current player
  They have rolled a 5
  Sue is getting out of the penalty box
  Sue's new location is 7
  The category is Rock
  Rock Question 5
  Answer was correct!!!!
  Sue now has 5 Gold Coins.
  Chet is the current player
  They have rolled a 4
  Chet is not getting out of the penalty box
  Question was incorrectly answered
  Chet was sent to the penalty box
  Pat is the current player
  They have rolled a 2
  Pat is not getting out of the penalty box
  Question was incorrectly answered
  Pat was sent to the penalty box
  Sue is the current player
  They have rolled a 5
  Sue is getting out of the penalty box
  Sue's new location is 0
  The category is Pop
  Pop Question 5
  Answer was correct!!!!
  Sue now has 6 Gold Coins.
  "

-------------------------------------------------------------------------------
check for regressions against golden data
  1
-------------------------------------------------------------------------------
/home/brandon/Brandon/SpriNGBoard/Week9/test/regression/test__regression.cc:67
...............................................................................

/home/brandon/Brandon/SpriNGBoard/Week9/test/regression/test__regression.cc:70: FAILED:
  REQUIRE( result.actual == result.golden )
with expansion:
  "Chet was added
  They are player number 1
  Pat was added
  They are player number 2
  Sue was added
  They are player number 3
  Chet is the current player
  They have rolled a 4
  Chet is not getting out of the penalty box
  Pat is the current player
  They have rolled a 2
  Pat's new location is 2
  The category is Sports
  Sports Question 0
  Answer was corrent!!!!
  Pat now has 1 Gold Coins.
  Sue is the current player
  They have rolled a 1
  Sue's new location is 1
  The category is Science
  Science Question 0
  Answer was corrent!!!!
  Sue now has 1 Gold Coins.
  Chet is the current player
  They have rolled a 1
  Chet is getting out of the penalty box
  Chet's new location is 1
  The category is Science
  Science Question 1
  Answer was correct!!!!
  Chet now has 1 Gold Coins.
  Pat is the current player
  They have rolled a 5
  Pat's new location is 7
  The category is Rock
  Rock Question 0
  Answer was corrent!!!!
  Pat now has 2 Gold Coins.
  Sue is the current player
  They have rolled a 3
  Sue's new location is 4
  The category is Pop
  Pop Question 0
  Answer was corrent!!!!
  Sue now has 2 Gold Coins.
  Chet is the current player
  They have rolled a 1
  Chet's new location is 2
  The category is Sports
  Sports Question 1
  Answer was correct!!!!
  Chet now has 2 Gold Coins.
  Pat is the current player
  They have rolled a 2
  Pat's new location is 9
  The category is Science
  Science Question 2
  Answer was corrent!!!!
  Pat now has 3 Gold Coins.
  Sue is the current player
  They have rolled a 2
  Sue's new location is 6
  The category is Sports
  Sports Question 2
  Question was incorrectly answered
  Sue was sent to the penalty box
  Chet is the current player
  They have rolled a 2
  Chet is not getting out of the penalty box
  Pat is the current player
  They have rolled a 2
  Pat's new location is 11
  The category is Rock
  Rock Question 1
  Answer was corrent!!!!
  Pat now has 4 Gold Coins.
  Sue is the current player
  They have rolled a 3
  Sue is getting out of the penalty box
  Sue's new location is 9
  The category is Science
  Science Question 3
  Answer was correct!!!!
  Sue now has 3 Gold Coins.
  Chet is the current player
  They have rolled a 1
  Chet is getting out of the penalty box
  Chet's new location is 3
  The category is Rock
  Rock Question 2
  Answer was correct!!!!
  Chet now has 3 Gold Coins.
  Pat is the current player
  They have rolled a 3
  Pat's new location is 2
  The category is Sports
  Sports Question 3
  Answer was corrent!!!!
  Pat now has 5 Gold Coins.
  Sue is the current player
  They have rolled a 5
  Sue is getting out of the penalty box
  Sue's new location is 2
  The category is Sports
  Sports Question 4
  Answer was correct!!!!
  Sue now has 4 Gold Coins.
  Chet is the current player
  They have rolled a 4
  Chet is not getting out of the penalty box
  Pat is the current player
  They have rolled a 5
  Pat's new location is 7
  The category is Rock
  Rock Question 3
  Answer was corrent!!!!
  Pat now has 6 Gold Coins.
  "
  ==
  "Chet was added
  They are player number 1
  Pat was added
  They are player number 2
  Sue was added
  They are player number 3
  Chet is the current player
  They have rolled a 4
  Chet is not getting out of the penalty box
  Question was incorrectly answered
  Chet was sent to the penalty box
  Pat is the current player
  They have rolled a 3
  Pat's new location is 3
  The category is Rock
  Rock Question 0
  Question was incorrectly answered
  Pat was sent to the penalty box
  Sue is the current player
  They have rolled a 4
  Sue's new location is 4
  The category is Pop
  Pop Question 0
  Question was incorrectly answered
  Sue was sent to the penalty box
  Chet is the current player
  They have rolled a 2
  Chet is not getting out of the penalty box
  Pat is the current player
  They have rolled a 5
  Pat is getting out of the penalty box
  Pat's new location is 8
  The category is Pop
  Pop Question 1
  Answer was correct!!!!
  Pat now has 1 Gold Coins.
  Sue is the current player
  They have rolled a 3
  Sue is getting out of the penalty box
  Sue's new location is 7
  The category is Rock
  Rock Question 1
  Answer was correct!!!!
  Sue now has 1 Gold Coins.
  Chet is the current player
  They have rolled a 1
  Chet is getting out of the penalty box
  Chet's new location is 1
  The category is Science
  Science Question 0
  Question was incorrectly answered
  Chet was sent to the penalty box
  Pat is the current player
  They have rolled a 4
  Pat is not getting out of the penalty box
  Sue is the current player
  They have rolled a 1
  Sue is getting out of the penalty box
  Sue's new location is 8
  The category is Pop
  Pop Question 2
  Answer was correct!!!!
  Sue now has 2 Gold Coins.
  Chet is the current player
  They have rolled a 3
  Chet is getting out of the penalty box
  Chet's new location is 4
  The category is Pop
  Pop Question 3
  Answer was correct!!!!
  Chet now has 1 Gold Coins.
  Pat is the current player
  They have rolled a 2
  Pat is not getting out of the penalty box
  Sue is the current player
  They have rolled a 3
  Sue is getting out of the penalty box
  Sue's new location is 11
  The category is Rock
  Rock Question 2
  Answer was correct!!!!
  Sue now has 3 Gold Coins.
  Chet is the current player
  They have rolled a 3
  Chet is getting out of the penalty box
  Chet's new location is 7
  The category is Rock
  Rock Question 3
  Answer was correct!!!!
  Chet now has 2 Gold Coins.
  Pat is the current player
  They have rolled a 3
  Pat is getting out of the penalty box
  Pat's new location is 11
  The category is Rock
  Rock Question 4
  Answer was correct!!!!
  Pat now has 2 Gold Coins.
  Sue is the current player
  They have rolled a 3
  Sue is getting out of the penalty box
  Sue's new location is 2
  The category is Sports
  Sports Question 0
  Answer was correct!!!!
  Sue now has 4 Gold Coins.
  Chet is the current player
  They have rolled a 5
  Chet is getting out of the penalty box
  Chet's new location is 0
  The category is Pop
  Pop Question 4
  Answer was correct!!!!
  Chet now has 3 Gold Coins.
  Pat is the current player
  They have rolled a 3
  Pat is getting out of the penalty box
  Pat's new location is 2
  The category is Sports
  Sports Question 1
  Answer was correct!!!!
  Pat now has 3 Gold Coins.
  Sue is the current player
  They have rolled a 5
  Sue is getting out of the penalty box
  Sue's new location is 7
  The category is Rock
  Rock Question 5
  Answer was correct!!!!
  Sue now has 5 Gold Coins.
  Chet is the current player
  They have rolled a 4
  Chet is not getting out of the penalty box
  Question was incorrectly answered
  Chet was sent to the penalty box
  Pat is the current player
  They have rolled a 2
  Pat is not getting out of the penalty box
  Question was incorrectly answered
  Pat was sent to the penalty box
  Sue is the current player
  They have rolled a 5
  Sue is getting out of the penalty box
  Sue's new location is 0
  The category is Pop
  Pop Question 5
  Answer was correct!!!!
  Sue now has 6 Gold Coins.
  "

-------------------------------------------------------------------------------
check for regressions against golden data
  2
-------------------------------------------------------------------------------
/home/brandon/Brandon/SpriNGBoard/Week9/test/regression/test__regression.cc:67
...............................................................................

/home/brandon/Brandon/SpriNGBoard/Week9/test/regression/test__regression.cc:70: FAILED:
  REQUIRE( result.actual == result.golden )
with expansion:
  "Chet was added
  They are player number 1
  Pat was added
  They are player number 2
  Sue was added
  They are player number 3
  Chet is the current player
  They have rolled a 1
  Chet is getting out of the penalty box
  Chet's new location is 1
  The category is Science
  Science Question 0
  Answer was correct!!!!
  Chet now has 1 Gold Coins.
  Pat is the current player
  They have rolled a 1
  Pat's new location is 1
  The category is Science
  Science Question 1
  Answer was corrent!!!!
  Pat now has 1 Gold Coins.
  Sue is the current player
  They have rolled a 4
  Sue's new location is 4
  The category is Pop
  Pop Question 0
  Answer was corrent!!!!
  Sue now has 1 Gold Coins.
  Chet is the current player
  They have rolled a 3
  Chet is getting out of the penalty box
  Chet's new location is 4
  The category is Pop
  Pop Question 1
  Answer was correct!!!!
  Chet now has 2 Gold Coins.
  Pat is the current player
  They have rolled a 3
  Pat's new location is 4
  The category is Pop
  Pop Question 2
  Answer was corrent!!!!
  Pat now has 2 Gold Coins.
  Sue is the current player
  They have rolled a 5
  Sue's new location is 9
  The category is Science
  Science Question 2
  Answer was corrent!!!!
  Sue now has 2 Gold Coins.
  Chet is the current player
  They have rolled a 3
  Chet is getting out of the penalty box
  Chet's new location is 7
  The category is Rock
  Rock Question 0
  Answer was correct!!!!
  Chet now has 3 Gold Coins.
  Pat is the current player
  They have rolled a 4
  Pat's new location is 8
  The category is Pop
  Pop Question 3
  Answer was corrent!!!!
  Pat now has 3 Gold Coins.
  Sue is the current player
  They have rolled a 1
  Sue's new location is 10
  The category is Sports
  Sports Question 0
  Answer was corrent!!!!
  Sue now has 3 Gold Coins.
  Chet is the current player
  They have rolled a 3
  Chet is getting out of the penalty box
  Chet's new location is 10
  The category is Sports
  Sports Question 1
  Answer was correct!!!!
  Chet now has 4 Gold Coins.
  Pat is the current player
  They have rolled a 3
  Pat's new location is 11
  The category is Rock
  Rock Question 1
  Answer was corrent!!!!
  Pat now has 4 Gold Coins.
  Sue is the current player
  They have rolled a 1
  Sue's new location is 11
  The category is Rock
  Rock Question 2
  Answer was corrent!!!!
  Sue now has 4 Gold Coins.
  Chet is the current player
  They have rolled a 2
  Chet is not getting out of the penalty box
  Pat is the current player
  They have rolled a 4
  Pat's new location is 3
  The category is Rock
  Rock Question 3
  Answer was corrent!!!!
  Pat now has 5 Gold Coins.
  Sue is the current player
  They have rolled a 2
  Sue's new location is 1
  The category is Science
  Science Question 3
  Question was incorrectly answered
  Sue was sent to the penalty box
  Chet is the current player
  They have rolled a 3
  Chet is getting out of the penalty box
  Chet's new location is 1
  The category is Science
  Science Question 4
  Answer was correct!!!!
  Chet now has 5 Gold Coins.
  Pat is the current player
  They have rolled a 3
  Pat's new location is 6
  The category is Sports
  Sports Question 2
  Answer was corrent!!!!
  Pat now has 6 Gold Coins.
  "
  ==
  "Chet was added
  They are player number 1
  Pat was added
  They are player number 2
  Sue was added
  They are player number 3
  Chet is the current player
  They have rolled a 1
  Chet is getting out of the penalty box
  Chet's new location is 1
  The category is Science
  Science Question 0
  Answer was correct!!!!
  Chet now has 1 Gold Coins.
  Pat is the current player
  They have rolled a 4
  Pat's new location is 4
  The category is Pop
  Pop Question 0
  Answer was corrent!!!!
  Pat now has 1 Gold Coins.
  Sue is the current player
  They have rolled a 2
  Sue's new location is 2
  The category is Sports
  Sports Question 0
  Answer was corrent!!!!
  Sue now has 1 Gold Coins.
  Chet is the current player
  They have rolled a 5
  Chet is getting out of the penalty box
  Chet's new location is 6
  The category is Sports
  Sports Question 1
  Answer was correct!!!!
  Chet now has 2 Gold Coins.
  Pat is the current player
  They have rolled a 1
  Pat's new location is 5
  The category is Science
  Science Question 1
  Answer was corrent!!!!
  Pat now has 2 Gold Coins.
  Sue is the current player
  They have rolled a 3
  Sue's new location is 5
  The category is Science
  Science Question 2
  Answer was corrent!!!!
  Sue now has 2 Gold Coins.
  Chet is the current player
  They have rolled a 5
  Chet is getting out of the penalty box
  Chet's new location is 11
  The category is Rock
  Rock Question 0
  Answer was correct!!!!
  Chet now has 3 Gold Coins.
  Pat is the current player
  They have rolled a 3
  Pat's new location is 8
  The category is Pop
  Pop Question 1
  Answer was corrent!!!!
  Pat now has 3 Gold Coins.
  Sue is the current player
  They have rolled a 5
  Sue's new location is 10
  The category is Sports
  Sports Question 2
  Answer was corrent!!!!
  Sue now has 3 Gold Coins.
  Chet is the current player
  They have rolled a 3
  Chet is getting out of the penalty box
  Chet's new location is 2
  The category is Sports
  Sports Question 3
  Answer was correct!!!!
  Chet now has 4 Gold Coins.
  Pat is the current player
  They have rolled a 3
  Pat's new location is 11
  The category is Rock
  Rock Question 1
  Answer was corrent!!!!
  Pat now has 4 Gold Coins.
  Sue is the current player
  They have rolled a 5
  Sue's new location is 3
  The category is Rock
  Rock Question 2
  Answer was corrent!!!!
  Sue now has 4 Gold Coins.
  Chet is the current player
  They have rolled a 3
  Chet is getting out of the penalty box
  Chet's new location is 5
  The category is Science
  Science Question 3
  Answer was correct!!!!
  Chet now has 5 Gold Coins.
  Pat is the current player
  They have rolled a 1
  Pat's new location is 0
  The category is Pop
  Pop Question 2
  Answer was corrent!!!!
  Pat now has 5 Gold Coins.
  Sue is the current player
  They have rolled a 2
  Sue's new location is 5
  The category is Science
  Science Question 4
  Answer was corrent!!!!
  Sue now has 5 Gold Coins.
  Chet is the current player
  They have rolled a 4
  Chet is not getting out of the penalty box
  Pat is the current player
  They have rolled a 3
  Pat's new location is 3
  The category is Rock
  Rock Question 3
  Answer was corrent!!!!
  Pat now has 6 Gold Coins.
  "

-------------------------------------------------------------------------------
check for regressions against golden data
  3
-------------------------------------------------------------------------------
/home/brandon/Brandon/SpriNGBoard/Week9/test/regression/test__regression.cc:67
...............................................................................

/home/brandon/Brandon/SpriNGBoard/Week9/test/regression/test__regression.cc:70: FAILED:
  REQUIRE( result.actual == result.golden )
with expansion:
  "Chet was added
  They are player number 1
  Pat was added
  They are player number 2
  Sue was added
  They are player number 3
  Chet is the current player
  They have rolled a 2
  Chet is not getting out of the penalty box
  Pat is the current player
  They have rolled a 1
  Pat's new location is 1
  The category is Science
  Science Question 0
  Answer was corrent!!!!
  Pat now has 1 Gold Coins.
  Sue is the current player
  They have rolled a 1
  Sue's new location is 1
  The category is Science
  Science Question 1
  Answer was corrent!!!!
  Sue now has 1 Gold Coins.
  Chet is the current player
  They have rolled a 1
  Chet is getting out of the penalty box
  Chet's new location is 1
  The category is Science
  Science Question 2
  Answer was correct!!!!
  Chet now has 1 Gold Coins.
  Pat is the current player
  They have rolled a 2
  Pat's new location is 3
  The category is Rock
  Rock Question 0
  Answer was corrent!!!!
  Pat now has 2 Gold Coins.
  Sue is the current player
  They have rolled a 4
  Sue's new location is 5
  The category is Science
  Science Question 3
  Answer was corrent!!!!
  Sue now has 2 Gold Coins.
  Chet is the current player
  They have rolled a 4
  Chet is not getting out of the penalty box
  Pat is the current player
  They have rolled a 5
  Pat's new location is 8
  The category is Pop
  Pop Question 0
  Answer was corrent!!!!
  Pat now has 3 Gold Coins.
  Sue is the current player
  They have rolled a 2
  Sue's new location is 7
  The category is Rock
  Rock Question 1
  Answer was corrent!!!!
  Sue now has 3 Gold Coins.
  Chet is the current player
  They have rolled a 1
  Chet is getting out of the penalty box
  Chet's new location is 2
  The category is Sports
  Sports Question 0
  Answer was correct!!!!
  Chet now has 2 Gold Coins.
  Pat is the current player
  They have rolled a 1
  Pat's new location is 9
  The category is Science
  Science Question 4
  Answer was corrent!!!!
  Pat now has 4 Gold Coins.
  Sue is the current player
  They have rolled a 4
  Sue's new location is 11
  The category is Rock
  Rock Question 2
  Answer was corrent!!!!
  Sue now has 4 Gold Coins.
  Chet is the current player
  They have rolled a 4
  Chet is not getting out of the penalty box
  Pat is the current player
  They have rolled a 3
  Pat's new location is 0
  The category is Pop
  Pop Question 1
  Answer was corrent!!!!
  Pat now has 5 Gold Coins.
  Sue is the current player
  They have rolled a 3
  Sue's new location is 2
  The category is Sports
  Sports Question 1
  Answer was corrent!!!!
  Sue now has 5 Gold Coins.
  Chet is the current player
  They have rolled a 4
  Chet is not getting out of the penalty box
  Pat is the current player
  They have rolled a 5
  Pat's new location is 5
  The category is Science
  Science Question 5
  Answer was corrent!!!!
  Pat now has 6 Gold Coins.
  "
  ==
  "Chet was added
  They are player number 1
  Pat was added
  They are player number 2
  Sue was added
  They are player number 3
  Chet is the current player
  They have rolled a 2
  Chet is not getting out of the penalty box
  Pat is the current player
  They have rolled a 4
  Pat's new location is 4
  The category is Pop
  Pop Question 0
  Answer was corrent!!!!
  Pat now has 1 Gold Coins.
  Sue is the current player
  They have rolled a 1
  Sue's new location is 1
  The category is Science
  Science Question 0
  Answer was corrent!!!!
  Sue now has 1 Gold Coins.
  Chet is the current player
  They have rolled a 3
  Chet is getting out of the penalty box
  Chet's new location is 3
  The category is Rock
  Rock Question 0
  Answer was correct!!!!
  Chet now has 1 Gold Coins.
  Pat is the current player
  They have rolled a 2
  Pat's new location is 6
  The category is Sports
  Sports Question 0
  Answer was corrent!!!!
  Pat now has 2 Gold Coins.
  Sue is the current player
  They have rolled a 4
  Sue's new location is 5
  The category is Science
  Science Question 1
  Answer was corrent!!!!
  Sue now has 2 Gold Coins.
  Chet is the current player
  They have rolled a 4
  Chet is not getting out of the penalty box
  Pat is the current player
  They have rolled a 3
  Pat's new location is 9
  The category is Science
  Science Question 2
  Answer was corrent!!!!
  Pat now has 3 Gold Coins.
  Sue is the current player
  They have rolled a 5
  Sue's new location is 10
  The category is Sports
  Sports Question 1
  Answer was corrent!!!!
  Sue now has 3 Gold Coins.
  Chet is the current player
  They have rolled a 2
  Chet is not getting out of the penalty box
  Pat is the current player
  They have rolled a 1
  Pat's new location is 10
  The category is Sports
  Sports Question 2
  Answer was corrent!!!!
  Pat now has 4 Gold Coins.
  Sue is the current player
  They have rolled a 4
  Sue's new location is 2
  The category is Sports
  Sports Question 3
  Answer was corrent!!!!
  Sue now has 4 Gold Coins.
  Chet is the current player
  They have rolled a 4
  Chet is not getting out of the penalty box
  Pat is the current player
  They have rolled a 1
  Pat's new location is 11
  The category is Rock
  Rock Question 1
  Answer was corrent!!!!
  Pat now has 5 Gold Coins.
  Sue is the current player
  They have rolled a 4
  Sue's new location is 6
  The category is Sports
  Sports Question 4
  Answer was corrent!!!!
  Sue now has 5 Gold Coins.
  Chet is the current player
  They have rolled a 5
  Chet is getting out of the penalty box
  Chet's new location is 8
  The category is Pop
  Pop Question 1
  Answer was correct!!!!
  Chet now has 2 Gold Coins.
  Pat is the current player
  They have rolled a 2
  Pat's new location is 1
  The category is Science
  Science Question 3
  Answer was corrent!!!!
  Pat now has 6 Gold Coins.
  "

-------------------------------------------------------------------------------
check for regressions against golden data
  4
-------------------------------------------------------------------------------
/home/brandon/Brandon/SpriNGBoard/Week9/test/regression/test__regression.cc:67
...............................................................................

/home/brandon/Brandon/SpriNGBoard/Week9/test/regression/test__regression.cc:70: FAILED:
  REQUIRE( result.actual == result.golden )
with expansion:
  "Chet was added
  They are player number 1
  Pat was added
  They are player number 2
  Sue was added
  They are player number 3
  Chet is the current player
  They have rolled a 2
  Chet is not getting out of the penalty box
  Pat is the current player
  They have rolled a 4
  Pat's new location is 4
  The category is Pop
  Pop Question 0
  Answer was corrent!!!!
  Pat now has 1 Gold Coins.
  Sue is the current player
  They have rolled a 2
  Sue's new location is 2
  The category is Sports
  Sports Question 0
  Question was incorrectly answered
  Sue was sent to the penalty box
  Chet is the current player
  They have rolled a 3
  Chet is getting out of the penalty box
  Chet's new location is 3
  The category is Rock
  Rock Question 0
  Answer was correct!!!!
  Chet now has 1 Gold Coins.
  Pat is the current player
  They have rolled a 4
  Pat's new location is 8
  The category is Pop
  Pop Question 1
  Answer was corrent!!!!
  Pat now has 2 Gold Coins.
  Sue is the current player
  They have rolled a 5
  Sue is getting out of the penalty box
  Sue's new location is 7
  The category is Rock
  Rock Question 1
  Answer was correct!!!!
  Sue now has 1 Gold Coins.
  Chet is the current player
  They have rolled a 5
  Chet is getting out of the penalty box
  Chet's new location is 8
  The category is Pop
  Pop Question 2
  Answer was correct!!!!
  Chet now has 2 Gold Coins.
  Pat is the current player
  They have rolled a 3
  Pat's new location is 11
  The category is Rock
  Rock Question 2
  Question was incorrectly answered
  Pat was sent to the penalty box
  Sue is the current player
  They have rolled a 2
  Sue is not getting out of the penalty box
  Chet is the current player
  They have rolled a 5
  Chet is getting out of the penalty box
  Chet's new location is 1
  The category is Science
  Science Question 0
  Answer was correct!!!!
  Chet now has 3 Gold Coins.
  Pat is the current player
  They have rolled a 4
  Pat is not getting out of the penalty box
  Sue is the current player
  They have rolled a 5
  Sue is getting out of the penalty box
  Sue's new location is 0
  The category is Pop
  Pop Question 3
  Question was incorrectly answered
  Sue was sent to the penalty box
  Chet is the current player
  They have rolled a 3
  Chet is getting out of the penalty box
  Chet's new location is 4
  The category is Pop
  Pop Question 4
  Answer was correct!!!!
  Chet now has 4 Gold Coins.
  Pat is the current player
  They have rolled a 1
  Pat is getting out of the penalty box
  Pat's new location is 0
  The category is Pop
  Pop Question 5
  Answer was correct!!!!
  Pat now has 3 Gold Coins.
  Sue is the current player
  They have rolled a 5
  Sue is getting out of the penalty box
  Sue's new location is 5
  The category is Science
  Science Question 1
  Question was incorrectly answered
  Sue was sent to the penalty box
  Chet is the current player
  They have rolled a 5
  Chet is getting out of the penalty box
  Chet's new location is 9
  The category is Science
  Science Question 2
  Answer was correct!!!!
  Chet now has 5 Gold Coins.
  Pat is the current player
  They have rolled a 4
  Pat is not getting out of the penalty box
  Sue is the current player
  They have rolled a 3
  Sue is getting out of the penalty box
  Sue's new location is 8
  The category is Pop
  Pop Question 6
  Answer was correct!!!!
  Sue now has 2 Gold Coins.
  Chet is the current player
  They have rolled a 2
  Chet is not getting out of the penalty box
  Pat is the current player
  They have rolled a 1
  Pat is getting out of the penalty box
  Pat's new location is 1
  The category is Science
  Science Question 3
  Answer was correct!!!!
  Pat now has 4 Gold Coins.
  Sue is the current player
  They have rolled a 3
  Sue is getting out of the penalty box
  Sue's new location is 11
  The category is Rock
  Rock Question 3
  Answer was correct!!!!
  Sue now has 3 Gold Coins.
  Chet is the current player
  They have rolled a 4
  Chet is not getting out of the penalty box
  Pat is the current player
  They have rolled a 3
  Pat is getting out of the penalty box
  Pat's new location is 4
  The category is Pop
  Pop Question 7
  Answer was correct!!!!
  Pat now has 5 Gold Coins.
  Sue is the current player
  They have rolled a 3
  Sue's new location is 2
  The category is Sports
  Sports Question 1
  Answer was correct!!!!
  Sue now has 4 Gold Coins.
  Chet is the current player
  They have rolled a 2
  Chet is not getting out of the penalty box
  Pat is the current player
  They have rolled a 1
  Pat is getting out of the penalty box
  Pat's new location is 5
  The category is Science
  Science Question 4
  Answer was correct!!!!
  Pat now has 6 Gold Coins.
  "
  ==
  "Chet was added
  They are player number 1
  Pat was added
  They are player number 2
  Sue was added
  They are player number 3
  Chet is the current player
  They have rolled a 2
  Chet is not getting out of the penalty box
  Pat is the current player
  They have rolled a 5
  Pat's new location is 5
  The category is Science
  Science Question 0
  Answer was corrent!!!!
  Pat now has 1 Gold Coins.
  Sue is the current player
  They have rolled a 4
  Sue's new location is 4
  The category is Pop
  Pop Question 0
  Answer was corrent!!!!
  Sue now has 1 Gold Coins.
  Chet is the current player
  They have rolled a 1
  Chet is getting out of the penalty box
  Chet's new location is 1
  The category is Science
  Science Question 1
  Answer was correct!!!!
  Chet now has 1 Gold Coins.
  Pat is the current player
  They have rolled a 4
  Pat's new location is 9
  The category is Science
  Science Question 2
  Answer was corrent!!!!
  Pat now has 2 Gold Coins.
  Sue is the current player
  They have rolled a 5
  Sue's new location is 9
  The category is Science
  Science Question 3
  Answer was corrent!!!!
  Sue now has 2 Gold Coins.
  Chet is the current player
  They have rolled a 5
  Chet is getting out of the penalty box
  Chet's new location is 6
  The category is Sports
  Sports Question 0
  Answer was correct!!!!
  Chet now has 2 Gold Coins.
  Pat is the current player
  They have rolled a 4
  Pat's new location is 1
  The category is Science
  Science Question 4
  Answer was corrent!!!!
  Pat now has 3 Gold Coins.
  Sue is the current player
  They have rolled a 3
  Sue's new location is 0
  The category is Pop
  Pop Question 1
  Question was incorrectly answered
  Sue was sent to the penalty box
  Chet is the current player
  They have rolled a 2
  Chet is not getting out of the penalty box
  Pat is the current player
  They have rolled a 3
  Pat's new location is 4
  The category is Pop
  Pop Question 2
  Answer was corrent!!!!
  Pat now has 4 Gold Coins.
  Sue is the current player
  They have rolled a 4
  Sue is not getting out of the penalty box
  Chet is the current player
  They have rolled a 4
  Chet is not getting out of the penalty box
  Question was incorrectly answered
  Chet was sent to the penalty box
  Pat is the current player
  They have rolled a 3
  Pat's new location is 7
  The category is Rock
  Rock Question 0
  Answer was corrent!!!!
  Pat now has 5 Gold Coins.
  Sue is the current player
  They have rolled a 1
  Sue is getting out of the penalty box
  Sue's new location is 1
  The category is Science
  Science Question 5
  Answer was correct!!!!
  Sue now has 3 Gold Coins.
  Chet is the current player
  They have rolled a 1
  Chet is getting out of the penalty box
  Chet's new location is 7
  The category is Rock
  Rock Question 1
  Answer was correct!!!!
  Chet now has 3 Gold Coins.
  Pat is the current player
  They have rolled a 5
  Pat's new location is 0
  The category is Pop
  Pop Question 3
  Answer was corrent!!!!
  Pat now has 6 Gold Coins.
  "

-------------------------------------------------------------------------------
check for regressions against golden data
  5
-------------------------------------------------------------------------------
/home/brandon/Brandon/SpriNGBoard/Week9/test/regression/test__regression.cc:67
...............................................................................

/home/brandon/Brandon/SpriNGBoard/Week9/test/regression/test__regression.cc:70: FAILED:
  REQUIRE( result.actual == result.golden )
with expansion:
  "Chet was added
  They are player number 1
  Pat was added
  They are player number 2
  Sue was added
  They are player number 3
  Chet is the current player
  They have rolled a 1
  Chet is getting out of the penalty box
  Chet's new location is 1
  The category is Science
  Science Question 0
  Answer was correct!!!!
  Chet now has 1 Gold Coins.
  Pat is the current player
  They have rolled a 3
  Pat's new location is 3
  The category is Rock
  Rock Question 0
  Answer was corrent!!!!
  Pat now has 1 Gold Coins.
  Sue is the current player
  They have rolled a 3
  Sue's new location is 3
  The category is Rock
  Rock Question 1
  Answer was corrent!!!!
  Sue now has 1 Gold Coins.
  Chet is the current player
  They have rolled a 5
  Chet is getting out of the penalty box
  Chet's new location is 6
  The category is Sports
  Sports Question 0
  Answer was correct!!!!
  Chet now has 2 Gold Coins.
  Pat is the current player
  They have rolled a 2
  Pat's new location is 5
  The category is Science
  Science Question 1
  Answer was corrent!!!!
  Pat now has 2 Gold Coins.
  Sue is the current player
  They have rolled a 1
  Sue's new location is 4
  The category is Pop
  Pop Question 0
  Answer was corrent!!!!
  Sue now has 2 Gold Coins.
  Chet is the current player
  They have rolled a 1
  Chet is getting out of the penalty box
  Chet's new location is 7
  The category is Rock
  Rock Question 2
  Answer was correct!!!!
  Chet now has 3 Gold Coins.
  Pat is the current player
  They have rolled a 2
  Pat's new location is 7
  The category is Rock
  Rock Question 3
  Answer was corrent!!!!
  Pat now has 3 Gold Coins.
  Sue is the current player
  They have rolled a 2
  Sue's new location is 6
  The category is Sports
  Sports Question 1
  Answer was corrent!!!!
  Sue now has 3 Gold Coins.
  Chet is the current player
  They have rolled a 1
  Chet is getting out of the penalty box
  Chet's new location is 8
  The category is Pop
  Pop Question 1
  Answer was correct!!!!
  Chet now has 4 Gold Coins.
  Pat is the current player
  They have rolled a 2
  Pat's new location is 9
  The category is Science
  Science Question 2
  Answer was corrent!!!!
  Pat now has 4 Gold Coins.
  Sue is the current player
  They have rolled a 4
  Sue's new location is 10
  The category is Sports
  Sports Question 2
  Answer was corrent!!!!
  Sue now has 4 Gold Coins.
  Chet is the current player
  They have rolled a 3
  Chet is getting out of the penalty box
  Chet's new location is 11
  The category is Rock
  Rock Question 4
  Answer was correct!!!!
  Chet now has 5 Gold Coins.
  Pat is the current player
  They have rolled a 3
  Pat's new location is 0
  The category is Pop
  Pop Question 2
  Answer was corrent!!!!
  Pat now has 5 Gold Coins.
  Sue is the current player
  They have rolled a 4
  Sue's new location is 2
  The category is Sports
  Sports Question 3
  Answer was corrent!!!!
  Sue now has 5 Gold Coins.
  Chet is the current player
  They have rolled a 2
  Chet is not getting out of the penalty box
  Pat is the current player
  They have rolled a 1
  Pat's new location is 1
  The category is Science
  Science Question 3
  Answer was corrent!!!!
  Pat now has 6 Gold Coins.
  "
  ==
  "Chet was added
  They are player number 1
  Pat was added
  They are player number 2
  Sue was added
  They are player number 3
  Chet is the current player
  They have rolled a 1
  Chet is getting out of the penalty box
  Chet's new location is 1
  The category is Science
  Science Question 0
  Answer was correct!!!!
  Chet now has 1 Gold Coins.
  Pat is the current player
  They have rolled a 1
  Pat's new location is 1
  The category is Science
  Science Question 1
  Answer was corrent!!!!
  Pat now has 1 Gold Coins.
  Sue is the current player
  They have rolled a 2
  Sue's new location is 2
  The category is Sports
  Sports Question 0
  Answer was corrent!!!!
  Sue now has 1 Gold Coins.
  Chet is the current player
  They have rolled a 1
  Chet is getting out of the penalty box
  Chet's new location is 2
  The category is Sports
  Sports Question 1
  Answer was correct!!!!
  Chet now has 2 Gold Coins.
  Pat is the current player
  They have rolled a 4
  Pat's new location is 5
  The category is Science
  Science Question 2
  Answer was corrent!!!!
  Pat now has 2 Gold Coins.
  Sue is the current player
  They have rolled a 2
  Sue's new location is 4
  The category is Pop
  Pop Question 0
  Answer was corrent!!!!
  Sue now has 2 Gold Coins.
  Chet is the current player
  They have rolled a 1
  Chet is getting out of the penalty box
  Chet's new location is 3
  The category is Rock
  Rock Question 0
  Answer was correct!!!!
  Chet now has 3 Gold Coins.
  Pat is the current player
  They have rolled a 1
  Pat's new location is 6
  The category is Sports
  Sports Question 2
  Answer was corrent!!!!
  Pat now has 3 Gold Coins.
  Sue is the current player
  They have rolled a 1
  Sue's new location is 5
  The category is Science
  Science Question 3
  Answer was corrent!!!!
  Sue now has 3 Gold Coins.
  Chet is the current player
  They have rolled a 4
  Chet is not getting out of the penalty box
  Pat is the current player
  They have rolled a 5
  Pat's new location is 11
  The category is Rock
  Rock Question 1
  Question was incorrectly answered
  Pat was sent to the penalty box
  Sue is the current player
  They have rolled a 5
  Sue's new location is 10
  The category is Sports
  Sports Question 3
  Answer was corrent!!!!
  Sue now has 4 Gold Coins.
  Chet is the current player
  They have rolled a 2
  Chet is not getting out of the penalty box
  Pat is the current player
  They have rolled a 4
  Pat is not getting out of the penalty box
  Sue is the current player
  They have rolled a 3
  Sue's new location is 1
  The category is Science
  Science Question 4
  Answer was corrent!!!!
  Sue now has 5 Gold Coins.
  Chet is the current player
  They have rolled a 2
  Chet is not getting out of the penalty box
  Pat is the current player
  They have rolled a 5
  Pat is getting out of the penalty box
  Pat's new location is 4
  The category is Pop
  Pop Question 1
  Answer was correct!!!!
  Pat now has 4 Gold Coins.
  Sue is the current player
  They have rolled a 5
  Sue's new location is 6
  The category is Sports
  Sports Question 4
  Answer was corrent!!!!
  Sue now has 6 Gold Coins.
  "

-------------------------------------------------------------------------------
check for regressions against golden data
  6
-------------------------------------------------------------------------------
/home/brandon/Brandon/SpriNGBoard/Week9/test/regression/test__regression.cc:67
...............................................................................

/home/brandon/Brandon/SpriNGBoard/Week9/test/regression/test__regression.cc:70: FAILED:
  REQUIRE( result.actual == result.golden )
with expansion:
  "Chet was added
  They are player number 1
  Pat was added
  They are player number 2
  Sue was added
  They are player number 3
  Chet is the current player
  They have rolled a 2
  Chet is not getting out of the penalty box
  Pat is the current player
  They have rolled a 1
  Pat's new location is 1
  The category is Science
  Science Question 0
  Question was incorrectly answered
  Pat was sent to the penalty box
  Sue is the current player
  They have rolled a 1
  Sue's new location is 1
  The category is Science
  Science Question 1
  Answer was corrent!!!!
  Sue now has 1 Gold Coins.
  Chet is the current player
  They have rolled a 1
  Chet is getting out of the penalty box
  Chet's new location is 1
  The category is Science
  Science Question 2
  Answer was correct!!!!
  Chet now has 1 Gold Coins.
  Pat is the current player
  They have rolled a 3
  Pat is getting out of the penalty box
  Pat's new location is 4
  The category is Pop
  Pop Question 0
  Answer was correct!!!!
  Pat now has 1 Gold Coins.
  Sue is the current player
  They have rolled a 4
  Sue's new location is 5
  The category is Science
  Science Question 3
  Answer was corrent!!!!
  Sue now has 2 Gold Coins.
  Chet is the current player
  They have rolled a 4
  Chet is not getting out of the penalty box
  Pat is the current player
  They have rolled a 3
  Pat is getting out of the penalty box
  Pat's new location is 7
  The category is Rock
  Rock Question 0
  Answer was correct!!!!
  Pat now has 2 Gold Coins.
  Sue is the current player
  They have rolled a 3
  Sue's new location is 8
  The category is Pop
  Pop Question 1
  Answer was corrent!!!!
  Sue now has 3 Gold Coins.
  Chet is the current player
  They have rolled a 5
  Chet is getting out of the penalty box
  Chet's new location is 6
  The category is Sports
  Sports Question 0
  Answer was correct!!!!
  Chet now has 2 Gold Coins.
  Pat is the current player
  They have rolled a 1
  Pat is getting out of the penalty box
  Pat's new location is 8
  The category is Pop
  Pop Question 2
  Answer was correct!!!!
  Pat now has 3 Gold Coins.
  Sue is the current player
  They have rolled a 2
  Sue's new location is 10
  The category is Sports
  Sports Question 1
  Answer was corrent!!!!
  Sue now has 4 Gold Coins.
  Chet is the current player
  They have rolled a 4
  Chet is not getting out of the penalty box
  Pat is the current player
  They have rolled a 3
  Pat is getting out of the penalty box
  Pat's new location is 11
  The category is Rock
  Rock Question 1
  Answer was correct!!!!
  Pat now has 4 Gold Coins.
  Sue is the current player
  They have rolled a 1
  Sue's new location is 11
  The category is Rock
  Rock Question 2
  Answer was corrent!!!!
  Sue now has 5 Gold Coins.
  Chet is the current player
  They have rolled a 5
  Chet is getting out of the penalty box
  Chet's new location is 11
  The category is Rock
  Rock Question 3
  Answer was correct!!!!
  Chet now has 3 Gold Coins.
  Pat is the current player
  They have rolled a 2
  Pat is not getting out of the penalty box
  Sue is the current player
  They have rolled a 5
  Sue's new location is 4
  The category is Pop
  Pop Question 3
  Answer was corrent!!!!
  Sue now has 6 Gold Coins.
  "
  ==
  "Chet was added
  They are player number 1
  Pat was added
  They are player number 2
  Sue was added
  They are player number 3
  Chet is the current player
  They have rolled a 2
  Chet is not getting out of the penalty box
  Question was incorrectly answered
  Chet was sent to the penalty box
  Pat is the current player
  They have rolled a 3
  Pat's new location is 3
  The category is Rock
  Rock Question 0
  Answer was corrent!!!!
  Pat now has 1 Gold Coins.
  Sue is the current player
  They have rolled a 4
  Sue's new location is 4
  The category is Pop
  Pop Question 0
  Answer was corrent!!!!
  Sue now has 1 Gold Coins.
  Chet is the current player
  They have rolled a 2
  Chet is not getting out of the penalty box
  Pat is the current player
  They have rolled a 3
  Pat's new location is 6
  The category is Sports
  Sports Question 0
  Answer was corrent!!!!
  Pat now has 2 Gold Coins.
  Sue is the current player
  They have rolled a 1
  Sue's new location is 5
  The category is Science
  Science Question 0
  Answer was corrent!!!!
  Sue now has 2 Gold Coins.
  Chet is the current player
  They have rolled a 1
  Chet is getting out of the penalty box
  Chet's new location is 1
  The category is Science
  Science Question 1
  Answer was correct!!!!
  Chet now has 1 Gold Coins.
  Pat is the current player
  They have rolled a 3
  Pat's new location is 9
  The category is Science
  Science Question 2
  Answer was corrent!!!!
  Pat now has 3 Gold Coins.
  Sue is the current player
  They have rolled a 1
  Sue's new location is 6
  The category is Sports
  Sports Question 1
  Answer was corrent!!!!
  Sue now has 3 Gold Coins.
  Chet is the current player
  They have rolled a 4
  Chet is not getting out of the penalty box
  Question was incorrectly answered
  Chet was sent to the penalty box
  Pat is the current player
  They have rolled a 2
  Pat's new location is 11
  The category is Rock
  Rock Question 1
  Answer was corrent!!!!
  Pat now has 4 Gold Coins.
  Sue is the current player
  They have rolled a 1
  Sue's new location is 7
  The category is Rock
  Rock Question 2
  Answer was corrent!!!!
  Sue now has 4 Gold Coins.
  Chet is the current player
  They have rolled a 5
  Chet is getting out of the penalty box
  Chet's new location is 6
  The category is Sports
  Sports Question 2
  Answer was correct!!!!
  Chet now has 2 Gold Coins.
  Pat is the current player
  They have rolled a 1
  Pat's new location is 0
  The category is Pop
  Pop Question 1
  Answer was corrent!!!!
  Pat now has 5 Gold Coins.
  Sue is the current player
  They have rolled a 3
  Sue's new location is 10
  The category is Sports
  Sports Question 3
  Answer was corrent!!!!
  Sue now has 5 Gold Coins.
  Chet is the current player
  They have rolled a 1
  Chet is getting out of the penalty box
  Chet's new location is 7
  The category is Rock
  Rock Question 3
  Answer was correct!!!!
  Chet now has 3 Gold Coins.
  Pat is the current player
  They have rolled a 3
  Pat's new location is 3
  The category is Rock
  Rock Question 4
  Answer was corrent!!!!
  Pat now has 6 Gold Coins.
  "

-------------------------------------------------------------------------------
check for regressions against golden data
  7
-------------------------------------------------------------------------------
/home/brandon/Brandon/SpriNGBoard/Week9/test/regression/test__regression.cc:67
...............................................................................

/home/brandon/Brandon/SpriNGBoard/Week9/test/regression/test__regression.cc:70: FAILED:
  REQUIRE( result.actual == result.golden )
with expansion:
  "Chet was added
  They are player number 1
  Pat was added
  They are player number 2
  Sue was added
  They are player number 3
  Chet is the current player
  They have rolled a 3
  Chet is getting out of the penalty box
  Chet's new location is 3
  The category is Rock
  Rock Question 0
  Answer was correct!!!!
  Chet now has 1 Gold Coins.
  Pat is the current player
  They have rolled a 2
  Pat's new location is 2
  The category is Sports
  Sports Question 0
  Answer was corrent!!!!
  Pat now has 1 Gold Coins.
  Sue is the current player
  They have rolled a 4
  Sue's new location is 4
  The category is Pop
  Pop Question 0
  Answer was corrent!!!!
  Sue now has 1 Gold Coins.
  Chet is the current player
  They have rolled a 3
  Chet is getting out of the penalty box
  Chet's new location is 6
  The category is Sports
  Sports Question 1
  Question was incorrectly answered
  Chet was sent to the penalty box
  Pat is the current player
  They have rolled a 1
  Pat's new location is 3
  The category is Rock
  Rock Question 1
  Answer was corrent!!!!
  Pat now has 2 Gold Coins.
  Sue is the current player
  They have rolled a 2
  Sue's new location is 6
  The category is Sports
  Sports Question 2
  Answer was corrent!!!!
  Sue now has 2 Gold Coins.
  Chet is the current player
  They have rolled a 1
  Chet is getting out of the penalty box
  Chet's new location is 7
  The category is Rock
  Rock Question 2
  Answer was correct!!!!
  Chet now has 2 Gold Coins.
  Pat is the current player
  They have rolled a 2
  Pat's new location is 5
  The category is Science
  Science Question 0
  Answer was corrent!!!!
  Pat now has 3 Gold Coins.
  Sue is the current player
  They have rolled a 2
  Sue's new location is 8
  The category is Pop
  Pop Question 1
  Answer was corrent!!!!
  Sue now has 3 Gold Coins.
  Chet is the current player
  They have rolled a 4
  Chet is not getting out of the penalty box
  Pat is the current player
  They have rolled a 4
  Pat's new location is 9
  The category is Science
  Science Question 1
  Answer was corrent!!!!
  Pat now has 4 Gold Coins.
  Sue is the current player
  They have rolled a 5
  Sue's new location is 1
  The category is Science
  Science Question 2
  Answer was corrent!!!!
  Sue now has 4 Gold Coins.
  Chet is the current player
  They have rolled a 2
  Chet is not getting out of the penalty box
  Pat is the current player
  They have rolled a 3
  Pat's new location is 0
  The category is Pop
  Pop Question 2
  Answer was corrent!!!!
  Pat now has 5 Gold Coins.
  Sue is the current player
  They have rolled a 1
  Sue's new location is 2
  The category is Sports
  Sports Question 3
  Answer was corrent!!!!
  Sue now has 5 Gold Coins.
  Chet is the current player
  They have rolled a 5
  Chet is getting out of the penalty box
  Chet's new location is 0
  The category is Pop
  Pop Question 3
  Answer was correct!!!!
  Chet now has 3 Gold Coins.
  Pat is the current player
  They have rolled a 2
  Pat's new location is 2
  The category is Sports
  Sports Question 4
  Answer was corrent!!!!
  Pat now has 6 Gold Coins.
  "
  ==
  "Chet was added
  They are player number 1
  Pat was added
  They are player number 2
  Sue was added
  They are player number 3
  Chet is the current player
  They have rolled a 3
  Chet is getting out of the penalty box
  Chet's new location is 3
  The category is Rock
  Rock Question 0
  Answer was correct!!!!
  Chet now has 1 Gold Coins.
  Pat is the current player
  They have rolled a 5
  Pat's new location is 5
  The category is Science
  Science Question 0
  Answer was corrent!!!!
  Pat now has 1 Gold Coins.
  Sue is the current player
  They have rolled a 1
  Sue's new location is 1
  The category is Science
  Science Question 1
  Answer was corrent!!!!
  Sue now has 1 Gold Coins.
  Chet is the current player
  They have rolled a 2
  Chet is not getting out of the penalty box
  Pat is the current player
  They have rolled a 1
  Pat's new location is 6
  The category is Sports
  Sports Question 0
  Question was incorrectly answered
  Pat was sent to the penalty box
  Sue is the current player
  They have rolled a 1
  Sue's new location is 2
  The category is Sports
  Sports Question 1
  Answer was corrent!!!!
  Sue now has 2 Gold Coins.
  Chet is the current player
  They have rolled a 2
  Chet is not getting out of the penalty box
  Pat is the current player
  They have rolled a 1
  Pat is getting out of the penalty box
  Pat's new location is 7
  The category is Rock
  Rock Question 1
  Answer was correct!!!!
  Pat now has 2 Gold Coins.
  Sue is the current player
  They have rolled a 4
  Sue's new location is 6
  The category is Sports
  Sports Question 2
  Answer was corrent!!!!
  Sue now has 3 Gold Coins.
  Chet is the current player
  They have rolled a 1
  Chet is getting out of the penalty box
  Chet's new location is 4
  The category is Pop
  Pop Question 0
  Answer was correct!!!!
  Chet now has 2 Gold Coins.
  Pat is the current player
  They have rolled a 5
  Pat is getting out of the penalty box
  Pat's new location is 0
  The category is Pop
  Pop Question 1
  Answer was correct!!!!
  Pat now has 3 Gold Coins.
  Sue is the current player
  They have rolled a 4
  Sue's new location is 10
  The category is Sports
  Sports Question 3
  Answer was corrent!!!!
  Sue now has 4 Gold Coins.
  Chet is the current player
  They have rolled a 5
  Chet is getting out of the penalty box
  Chet's new location is 9
  The category is Science
  Science Question 2
  Answer was correct!!!!
  Chet now has 3 Gold Coins.
  Pat is the current player
  They have rolled a 2
  Pat is not getting out of the penalty box
  Sue is the current player
  They have rolled a 3
  Sue's new location is 1
  The category is Science
  Science Question 3
  Answer was corrent!!!!
  Sue now has 5 Gold Coins.
  Chet is the current player
  They have rolled a 4
  Chet is not getting out of the penalty box
  Pat is the current player
  They have rolled a 1
  Pat is getting out of the penalty box
  Pat's new location is 1
  The category is Science
  Science Question 4
  Answer was correct!!!!
  Pat now has 4 Gold Coins.
  Sue is the current player
  They have rolled a 2
  Sue's new location is 3
  The category is Rock
  Rock Question 2
  Answer was corrent!!!!
  Sue now has 6 Gold Coins.
  "

-------------------------------------------------------------------------------
check for regressions against golden data
  8
-------------------------------------------------------------------------------
/home/brandon/Brandon/SpriNGBoard/Week9/test/regression/test__regression.cc:67
...............................................................................

/home/brandon/Brandon/SpriNGBoard/Week9/test/regression/test__regression.cc:70: FAILED:
  REQUIRE( result.actual == result.golden )
with expansion:
  "Chet was added
  They are player number 1
  Pat was added
  They are player number 2
  Sue was added
  They are player number 3
  Chet is the current player
  They have rolled a 2
  Chet is not getting out of the penalty box
  Pat is the current player
  They have rolled a 5
  Pat's new location is 5
  The category is Science
  Science Question 0
  Answer was corrent!!!!
  Pat now has 1 Gold Coins.
  Sue is the current player
  They have rolled a 5
  Sue's new location is 5
  The category is Science
  Science Question 1
  Answer was corrent!!!!
  Sue now has 1 Gold Coins.
  Chet is the current player
  They have rolled a 4
  Chet is not getting out of the penalty box
  Pat is the current player
  They have rolled a 3
  Pat's new location is 8
  The category is Pop
  Pop Question 0
  Answer was corrent!!!!
  Pat now has 2 Gold Coins.
  Sue is the current player
  They have rolled a 3
  Sue's new location is 8
  The category is Pop
  Pop Question 1
  Answer was corrent!!!!
  Sue now has 2 Gold Coins.
  Chet is the current player
  They have rolled a 3
  Chet is getting out of the penalty box
  Chet's new location is 3
  The category is Rock
  Rock Question 0
  Answer was correct!!!!
  Chet now has 1 Gold Coins.
  Pat is the current player
  They have rolled a 3
  Pat's new location is 11
  The category is Rock
  Rock Question 1
  Answer was corrent!!!!
  Pat now has 3 Gold Coins.
  Sue is the current player
  They have rolled a 5
  Sue's new location is 1
  The category is Science
  Science Question 2
  Answer was corrent!!!!
  Sue now has 3 Gold Coins.
  Chet is the current player
  They have rolled a 4
  Chet is not getting out of the penalty box
  Pat is the current player
  They have rolled a 1
  Pat's new location is 0
  The category is Pop
  Pop Question 2
  Answer was corrent!!!!
  Pat now has 4 Gold Coins.
  Sue is the current player
  They have rolled a 1
  Sue's new location is 2
  The category is Sports
  Sports Question 0
  Question was incorrectly answered
  Sue was sent to the penalty box
  Chet is the current player
  They have rolled a 3
  Chet is getting out of the penalty box
  Chet's new location is 6
  The category is Sports
  Sports Question 1
  Answer was correct!!!!
  Chet now has 2 Gold Coins.
  Pat is the current player
  They have rolled a 3
  Pat's new location is 3
  The category is Rock
  Rock Question 2
  Answer was corrent!!!!
  Pat now has 5 Gold Coins.
  Sue is the current player
  They have rolled a 3
  Sue's new location is 5
  The category is Science
  Science Question 3
  Answer was correct!!!!
  Sue now has 4 Gold Coins.
  Chet is the current player
  They have rolled a 4
  Chet is not getting out of the penalty box
  Pat is the current player
  They have rolled a 3
  Pat's new location is 6
  The category is Sports
  Sports Question 2
  Answer was corrent!!!!
  Pat now has 6 Gold Coins.
  "
  ==
  "Chet was added
  They are player number 1
  Pat was added
  They are player number 2
  Sue was added
  They are player number 3
  Chet is the current player
  They have rolled a 2
  Chet is not getting out of the penalty box
  Pat is the current player
  They have rolled a 3
  Pat's new location is 3
  The category is Rock
  Rock Question 0
  Answer was corrent!!!!
  Pat now has 1 Gold Coins.
  Sue is the current player
  They have rolled a 2
  Sue's new location is 2
  The category is Sports
  Sports Question 0
  Answer was corrent!!!!
  Sue now has 1 Gold Coins.
  Chet is the current player
  They have rolled a 3
  Chet is getting out of the penalty box
  Chet's new location is 3
  The category is Rock
  Rock Question 1
  Answer was correct!!!!
  Chet now has 1 Gold Coins.
  Pat is the current player
  They have rolled a 3
  Pat's new location is 6
  The category is Sports
  Sports Question 1
  Answer was corrent!!!!
  Pat now has 2 Gold Coins.
  Sue is the current player
  They have rolled a 3
  Sue's new location is 5
  The category is Science
  Science Question 0
  Answer was corrent!!!!
  Sue now has 2 Gold Coins.
  Chet is the current player
  They have rolled a 2
  Chet is not getting out of the penalty box
  Pat is the current player
  They have rolled a 1
  Pat's new location is 7
  The category is Rock
  Rock Question 2
  Answer was corrent!!!!
  Pat now has 3 Gold Coins.
  Sue is the current player
  They have rolled a 1
  Sue's new location is 6
  The category is Sports
  Sports Question 2
  Question was incorrectly answered
  Sue was sent to the penalty box
  Chet is the current player
  They have rolled a 1
  Chet is getting out of the penalty box
  Chet's new location is 4
  The category is Pop
  Pop Question 0
  Answer was correct!!!!
  Chet now has 2 Gold Coins.
  Pat is the current player
  They have rolled a 1
  Pat's new location is 8
  The category is Pop
  Pop Question 1
  Question was incorrectly answered
  Pat was sent to the penalty box
  Sue is the current player
  They have rolled a 3
  Sue is getting out of the penalty box
  Sue's new location is 9
  The category is Science
  Science Question 1
  Answer was correct!!!!
  Sue now has 3 Gold Coins.
  Chet is the current player
  They have rolled a 1
  Chet is getting out of the penalty box
  Chet's new location is 5
  The category is Science
  Science Question 2
  Answer was correct!!!!
  Chet now has 3 Gold Coins.
  Pat is the current player
  They have rolled a 5
  Pat is getting out of the penalty box
  Pat's new location is 1
  The category is Science
  Science Question 3
  Answer was correct!!!!
  Pat now has 4 Gold Coins.
  Sue is the current player
  They have rolled a 1
  Sue is getting out of the penalty box
  Sue's new location is 10
  The category is Sports
  Sports Question 3
  Answer was correct!!!!
  Sue now has 4 Gold Coins.
  Chet is the current player
  They have rolled a 4
  Chet is not getting out of the penalty box
  Pat is the current player
  They have rolled a 1
  Pat is getting out of the penalty box
  Pat's new location is 2
  The category is Sports
  Sports Question 4
  Answer was correct!!!!
  Pat now has 5 Gold Coins.
  Sue is the current player
  They have rolled a 2
  Sue is not getting out of the penalty box
  Chet is the current player
  They have rolled a 4
  Chet is not getting out of the penalty box
  Question was incorrectly answered
  Chet was sent to the penalty box
  Pat is the current player
  They have rolled a 3
  Pat is getting out of the penalty box
  Pat's new location is 5
  The category is Science
  Science Question 4
  Answer was correct!!!!
  Pat now has 6 Gold Coins.
  "

-------------------------------------------------------------------------------
check for regressions against golden data
  9
-------------------------------------------------------------------------------
/home/brandon/Brandon/SpriNGBoard/Week9/test/regression/test__regression.cc:67
...............................................................................

/home/brandon/Brandon/SpriNGBoard/Week9/test/regression/test__regression.cc:70: FAILED:
  REQUIRE( result.actual == result.golden )
with expansion:
  "Chet was added
  They are player number 1
  Pat was added
  They are player number 2
  Sue was added
  They are player number 3
  Chet is the current player
  They have rolled a 1
  Chet is getting out of the penalty box
  Chet's new location is 1
  The category is Science
  Science Question 0
  Question was incorrectly answered
  Chet was sent to the penalty box
  Pat is the current player
  They have rolled a 3
  Pat's new location is 3
  The category is Rock
  Rock Question 0
  Answer was corrent!!!!
  Pat now has 1 Gold Coins.
  Sue is the current player
  They have rolled a 4
  Sue's new location is 4
  The category is Pop
  Pop Question 0
  Answer was corrent!!!!
  Sue now has 1 Gold Coins.
  Chet is the current player
  They have rolled a 4
  Chet is not getting out of the penalty box
  Pat is the current player
  They have rolled a 3
  Pat's new location is 6
  The category is Sports
  Sports Question 0
  Answer was corrent!!!!
  Pat now has 2 Gold Coins.
  Sue is the current player
  They have rolled a 2
  Sue's new location is 6
  The category is Sports
  Sports Question 1
  Question was incorrectly answered
  Sue was sent to the penalty box
  Chet is the current player
  They have rolled a 4
  Chet is not getting out of the penalty box
  Pat is the current player
  They have rolled a 5
  Pat's new location is 11
  The category is Rock
  Rock Question 1
  Answer was corrent!!!!
  Pat now has 3 Gold Coins.
  Sue is the current player
  They have rolled a 1
  Sue is getting out of the penalty box
  Sue's new location is 7
  The category is Rock
  Rock Question 2
  Answer was correct!!!!
  Sue now has 2 Gold Coins.
  Chet is the current player
  They have rolled a 2
  Chet is not getting out of the penalty box
  Pat is the current player
  They have rolled a 5
  Pat's new location is 4
  The category is Pop
  Pop Question 1
  Answer was corrent!!!!
  Pat now has 4 Gold Coins.
  Sue is the current player
  They have rolled a 1
  Sue is getting out of the penalty box
  Sue's new location is 8
  The category is Pop
  Pop Question 2
  Answer was correct!!!!
  Sue now has 3 Gold Coins.
  Chet is the current player
  They have rolled a 5
  Chet is getting out of the penalty box
  Chet's new location is 6
  The category is Sports
  Sports Question 2
  Answer was correct!!!!
  Chet now has 1 Gold Coins.
  Pat is the current player
  They have rolled a 4
  Pat's new location is 8
  The category is Pop
  Pop Question 3
  Answer was corrent!!!!
  Pat now has 5 Gold Coins.
  Sue is the current player
  They have rolled a 5
  Sue is getting out of the penalty box
  Sue's new location is 1
  The category is Science
  Science Question 1
  Answer was correct!!!!
  Sue now has 4 Gold Coins.
  Chet is the current player
  They have rolled a 4
  Chet is not getting out of the penalty box
  Pat is the current player
  They have rolled a 3
  Pat's new location is 11
  The category is Rock
  Rock Question 3
  Answer was corrent!!!!
  Pat now has 6 Gold Coins.
  "
  ==
  "Chet was added
  They are player number 1
  Pat was added
  They are player number 2
  Sue was added
  They are player number 3
  Chet is the current player
  They have rolled a 1
  Chet is getting out of the penalty box
  Chet's new location is 1
  The category is Science
  Science Question 0
  Answer was correct!!!!
  Chet now has 1 Gold Coins.
  Pat is the current player
  They have rolled a 1
  Pat's new location is 1
  The category is Science
  Science Question 1
  Answer was corrent!!!!
  Pat now has 1 Gold Coins.
  Sue is the current player
  They have rolled a 1
  Sue's new location is 1
  The category is Science
  Science Question 2
  Answer was corrent!!!!
  Sue now has 1 Gold Coins.
  Chet is the current player
  They have rolled a 1
  Chet is getting out of the penalty box
  Chet's new location is 2
  The category is Sports
  Sports Question 0
  Question was incorrectly answered
  Chet was sent to the penalty box
  Pat is the current player
  They have rolled a 3
  Pat's new location is 4
  The category is Pop
  Pop Question 0
  Answer was corrent!!!!
  Pat now has 2 Gold Coins.
  Sue is the current player
  They have rolled a 2
  Sue's new location is 3
  The category is Rock
  Rock Question 0
  Question was incorrectly answered
  Sue was sent to the penalty box
  Chet is the current player
  They have rolled a 4
  Chet is not getting out of the penalty box
  Pat is the current player
  They have rolled a 3
  Pat's new location is 7
  The category is Rock
  Rock Question 1
  Answer was corrent!!!!
  Pat now has 3 Gold Coins.
  Sue is the current player
  They have rolled a 5
  Sue is getting out of the penalty box
  Sue's new location is 8
  The category is Pop
  Pop Question 1
  Answer was correct!!!!
  Sue now has 2 Gold Coins.
  Chet is the current player
  They have rolled a 2
  Chet is not getting out of the penalty box
  Pat is the current player
  They have rolled a 1
  Pat's new location is 8
  The category is Pop
  Pop Question 2
  Answer was corrent!!!!
  Pat now has 4 Gold Coins.
  Sue is the current player
  They have rolled a 2
  Sue is not getting out of the penalty box
  Chet is the current player
  They have rolled a 5
  Chet is getting out of the penalty box
  Chet's new location is 7
  The category is Rock
  Rock Question 2
  Answer was correct!!!!
  Chet now has 2 Gold Coins.
  Pat is the current player
  They have rolled a 5
  Pat's new location is 1
  The category is Science
  Science Question 3
  Answer was corrent!!!!
  Pat now has 5 Gold Coins.
  Sue is the current player
  They have rolled a 5
  Sue is getting out of the penalty box
  Sue's new location is 1
  The category is Science
  Science Question 4
  Question was incorrectly answered
  Sue was sent to the penalty box
  Chet is the current player
  They have rolled a 1
  Chet is getting out of the penalty box
  Chet's new location is 8
  The category is Pop
  Pop Question 3
  Answer was correct!!!!
  Chet now has 3 Gold Coins.
  Pat is the current player
  They have rolled a 4
  Pat's new location is 5
  The category is Science
  Science Question 5
  Answer was corrent!!!!
  Pat now has 6 Gold Coins.
  "

-------------------------------------------------------------------------------
check for regressions against golden data
  10
-------------------------------------------------------------------------------
/home/brandon/Brandon/SpriNGBoard/Week9/test/regression/test__regression.cc:67
...............................................................................

/home/brandon/Brandon/SpriNGBoard/Week9/test/regression/test__regression.cc:70: FAILED:
  REQUIRE( result.actual == result.golden )
with expansion:
  "Chet was added
  They are player number 1
  Pat was added
  They are player number 2
  Sue was added
  They are player number 3
  Chet is the current player
  They have rolled a 1
  Chet is getting out of the penalty box
  Chet's new location is 1
  The category is Science
  Science Question 0
  Answer was correct!!!!
  Chet now has 1 Gold Coins.
  Pat is the current player
  They have rolled a 1
  Pat's new location is 1
  The category is Science
  Science Question 1
  Answer was corrent!!!!
  Pat now has 1 Gold Coins.
  Sue is the current player
  They have rolled a 3
  Sue's new location is 3
  The category is Rock
  Rock Question 0
  Answer was corrent!!!!
  Sue now has 1 Gold Coins.
  Chet is the current player
  They have rolled a 2
  Chet is not getting out of the penalty box
  Pat is the current player
  They have rolled a 3
  Pat's new location is 4
  The category is Pop
  Pop Question 0
  Answer was corrent!!!!
  Pat now has 2 Gold Coins.
  Sue is the current player
  They have rolled a 4
  Sue's new location is 7
  The category is Rock
  Rock Question 1
  Answer was corrent!!!!
  Sue now has 2 Gold Coins.
  Chet is the current player
  They have rolled a 4
  Chet is not getting out of the penalty box
  Pat is the current player
  They have rolled a 4
  Pat's new location is 8
  The category is Pop
  Pop Question 1
  Answer was corrent!!!!
  Pat now has 3 Gold Coins.
  Sue is the current player
  They have rolled a 2
  Sue's new location is 9
  The category is Science
  Science Question 2
  Answer was corrent!!!!
  Sue now has 3 Gold Coins.
  Chet is the current player
  They have rolled a 4
  Chet is not getting out of the penalty box
  Pat is the current player
  They have rolled a 2
  Pat's new location is 10
  The category is Sports
  Sports Question 0
  Answer was corrent!!!!
  Pat now has 4 Gold Coins.
  Sue is the current player
  They have rolled a 4
  Sue's new location is 1
  The category is Science
  Science Question 3
  Answer was corrent!!!!
  Sue now has 4 Gold Coins.
  Chet is the current player
  They have rolled a 1
  Chet is getting out of the penalty box
  Chet's new location is 2
  The category is Sports
  Sports Question 1
  Question was incorrectly answered
  Chet was sent to the penalty box
  Pat is the current player
  They have rolled a 4
  Pat's new location is 2
  The category is Sports
  Sports Question 2
  Question was incorrectly answered
  Pat was sent to the penalty box
  Sue is the current player
  They have rolled a 4
  Sue's new location is 5
  The category is Science
  Science Question 4
  Answer was corrent!!!!
  Sue now has 5 Gold Coins.
  Chet is the current player
  They have rolled a 2
  Chet is not getting out of the penalty box
  Pat is the current player
  They have rolled a 3
  Pat is getting out of the penalty box
  Pat's new location is 5
  The category is Science
  Science Question 5
  Answer was correct!!!!
  Pat now has 5 Gold Coins.
  Sue is the current player
  They have rolled a 4
  Sue's new location is 9
  The category is Science
  Science Question 6
  Answer was corrent!!!!
  Sue now has 6 Gold Coins.
  "
  ==
  "Chet was added
  They are player number 1
  Pat was added
  They are player number 2
  Sue was added
  They are player number 3
  Chet is the current player
  They have rolled a 1
  Chet is getting out of the penalty box
  Chet's new location is 1
  The category is Science
  Science Question 0
  Answer was correct!!!!
  Chet now has 1 Gold Coins.
  Pat is the current player
  They have rolled a 4
  Pat's new location is 4
  The category is Pop
  Pop Question 0
  Answer was corrent!!!!
  Pat now has 1 Gold Coins.
  Sue is the current player
  They have rolled a 4
  Sue's new location is 4
  The category is Pop
  Pop Question 1
  Answer was corrent!!!!
  Sue now has 1 Gold Coins.
  Chet is the current player
  They have rolled a 1
  Chet is getting out of the penalty box
  Chet's new location is 2
  The category is Sports
  Sports Question 0
  Answer was correct!!!!
  Chet now has 2 Gold Coins.
  Pat is the current player
  They have rolled a 3
  Pat's new location is 7
  The category is Rock
  Rock Question 0
  Answer was corrent!!!!
  Pat now has 2 Gold Coins.
  Sue is the current player
  They have rolled a 4
  Sue's new location is 8
  The category is Pop
  Pop Question 2
  Answer was corrent!!!!
  Sue now has 2 Gold Coins.
  Chet is the current player
  They have rolled a 4
  Chet is not getting out of the penalty box
  Pat is the current player
  They have rolled a 5
  Pat's new location is 0
  The category is Pop
  Pop Question 3
  Answer was corrent!!!!
  Pat now has 3 Gold Coins.
  Sue is the current player
  They have rolled a 1
  Sue's new location is 9
  The category is Science
  Science Question 1
  Question was incorrectly answered
  Sue was sent to the penalty box
  Chet is the current player
  They have rolled a 2
  Chet is not getting out of the penalty box
  Pat is the current player
  They have rolled a 4
  Pat's new location is 4
  The category is Pop
  Pop Question 4
  Answer was corrent!!!!
  Pat now has 4 Gold Coins.
  Sue is the current player
  They have rolled a 1
  Sue is getting out of the penalty box
  Sue's new location is 10
  The category is Sports
  Sports Question 1
  Answer was correct!!!!
  Sue now has 3 Gold Coins.
  Chet is the current player
  They have rolled a 3
  Chet is getting out of the penalty box
  Chet's new location is 5
  The category is Science
  Science Question 2
  Answer was correct!!!!
  Chet now has 3 Gold Coins.
  Pat is the current player
  They have rolled a 3
  Pat's new location is 7
  The category is Rock
  Rock Question 1
  Answer was corrent!!!!
  Pat now has 5 Gold Coins.
  Sue is the current player
  They have rolled a 4
  Sue is not getting out of the penalty box
  Chet is the current player
  They have rolled a 3
  Chet is getting out of the penalty box
  Chet's new location is 8
  The category is Pop
  Pop Question 5
  Answer was correct!!!!
  Chet now has 4 Gold Coins.
  Pat is the current player
  They have rolled a 3
  Pat's new location is 10
  The category is Sports
  Sports Question 2
  Answer was corrent!!!!
  Pat now has 6 Gold Coins.
  "

-------------------------------------------------------------------------------
check for regressions against golden data
  11
-------------------------------------------------------------------------------
/home/brandon/Brandon/SpriNGBoard/Week9/test/regression/test__regression.cc:67
...............................................................................

/home/brandon/Brandon/SpriNGBoard/Week9/test/regression/test__regression.cc:70: FAILED:
  REQUIRE( result.actual == result.golden )
with expansion:
  "Chet was added
  They are player number 1
  Pat was added
  They are player number 2
  Sue was added
  They are player number 3
  Chet is the current player
  They have rolled a 4
  Chet is not getting out of the penalty box
  Pat is the current player
  They have rolled a 5
  Pat's new location is 5
  The category is Science
  Science Question 0
  Answer was corrent!!!!
  Pat now has 1 Gold Coins.
  Sue is the current player
  They have rolled a 1
  Sue's new location is 1
  The category is Science
  Science Question 1
  Answer was corrent!!!!
  Sue now has 1 Gold Coins.
  Chet is the current player
  They have rolled a 1
  Chet is getting out of the penalty box
  Chet's new location is 1
  The category is Science
  Science Question 2
  Question was incorrectly answered
  Chet was sent to the penalty box
  Pat is the current player
  They have rolled a 5
  Pat's new location is 10
[...]
  They have rolled a 1
  Chet is getting out of the penalty box
  Chet's new location is 1
  The category is Science
  Science Question 0
  Answer was correct!!!!
  Chet now has 1 Gold Coins.
  Pat is the current player
  They have rolled a 4
  Pat's new location is 4
  The category is Pop
  Pop Question 0
  Answer was corrent!!!!
  Pat now has 1 Gold Coins.
  Sue is the current player
  They have rolled a 3
  Sue's new location is 3
  The category is Rock
  Rock Question 0
  Answer was corrent!!!!
  Sue now has 1 Gold Coins.
  Chet is the current player
  They have rolled a 3
  Chet is getting out of the penalty box
  Chet's new location is 4
  The category is Pop
  Pop Question 1
  Answer was correct!!!!
  Chet now has 2 Gold Coins.
  Pat is the current player
  They have rolled a 1
  Pat's new location is 5
  The category is Science
  Science Question 1
  Answer was corrent!!!!
  Pat now has 2 Gold Coins.
  Sue is the current player
  They have rolled a 3
  Sue's new location is 6
  The category is Sports
  Sports Question 0
  Answer was corrent!!!!
  Sue now has 2 Gold Coins.
  Chet is the current player
  They have rolled a 3
  Chet is getting out of the penalty box
  Chet's new location is 7
  The category is Rock
  Rock Question 1
  Answer was correct!!!!
  Chet now has 3 Gold Coins.
  Pat is the current player
  They have rolled a 2
  Pat's new location is 7
  The category is Rock
  Rock Question 2
  Answer was corrent!!!!
  Pat now has 3 Gold Coins.
  Sue is the current player
  They have rolled a 4
  Sue's new location is 10
  The category is Sports
  Sports Question 1
  Answer was corrent!!!!
  Sue now has 3 Gold Coins.
  Chet is the current player
  They have rolled a 4
  Chet is not getting out of the penalty box
  Pat is the current player
  They have rolled a 2
  Pat's new location is 9
  The category is Science
  Science Question 2
  Answer was corrent!!!!
  Pat now has 4 Gold Coins.
  Sue is the current player
  They have rolled a 3
  Sue's new location is 1
  The category is Science
  Science Question 3
  Answer was corrent!!!!
  Sue now has 4 Gold Coins.
  Chet is the current player
  They have rolled a 2
  Chet is not getting out of the penalty box
  Pat is the current player
  They have rolled a 2
  Pat's new location is 11
  The category is Rock
  Rock Question 3
  Answer was corrent!!!!
  Pat now has 5 Gold Coins.
  Sue is the current player
  They have rolled a 4
  Sue's new location is 5
  The category is Science
  Science Question 4
  Answer was corrent!!!!
  Sue now has 5 Gold Coins.
  Chet is the current player
  They have rolled a 4
  Chet is not getting out of the penalty box
  Pat is the current player
  They have rolled a 4
  Pat's new location is 3
  The category is Rock
  Rock Question 4
  Question was incorrectly answered
  Pat was sent to the penalty box
  Sue is the current player
  They have rolled a 5
  Sue's new location is 10
  The category is Sports
  Sports Question 2
  Answer was corrent!!!!
  Sue now has 6 Gold Coins.
  "

-------------------------------------------------------------------------------
check for regressions against golden data
  48
-------------------------------------------------------------------------------
/home/brandon/Brandon/SpriNGBoard/Week9/test/regression/test__regression.cc:67
...............................................................................

/home/brandon/Brandon/SpriNGBoard/Week9/test/regression/test__regression.cc:70: FAILED:
  REQUIRE( result.actual == result.golden )
with expansion:
  "Chet was added
  They are player number 1
  Pat was added
  They are player number 2
  Sue was added
  They are player number 3
  Chet is the current player
  They have rolled a 3
  Chet is getting out of the penalty box
  Chet's new location is 3
  The category is Rock
  Rock Question 0
  Question was incorrectly answered
  Chet was sent to the penalty box
  Pat is the current player
  They have rolled a 3
  Pat's new location is 3
  The category is Rock
  Rock Question 1
  Answer was corrent!!!!
  Pat now has 1 Gold Coins.
  Sue is the current player
  They have rolled a 5
  Sue's new location is 5
  The category is Science
  Science Question 0
  Answer was corrent!!!!
  Sue now has 1 Gold Coins.
  Chet is the current player
  They have rolled a 5
  Chet is getting out of the penalty box
  Chet's new location is 8
  The category is Pop
  Pop Question 0
  Answer was correct!!!!
  Chet now has 1 Gold Coins.
  Pat is the current player
  They have rolled a 2
  Pat's new location is 5
  The category is Science
  Science Question 1
  Answer was corrent!!!!
  Pat now has 2 Gold Coins.
  Sue is the current player
  They have rolled a 1
  Sue's new location is 6
  The category is Sports
  Sports Question 0
  Answer was corrent!!!!
  Sue now has 2 Gold Coins.
  Chet is the current player
  They have rolled a 1
  Chet is getting out of the penalty box
  Chet's new location is 9
  The category is Science
  Science Question 2
  Answer was correct!!!!
  Chet now has 2 Gold Coins.
  Pat is the current player
  They have rolled a 2
  Pat's new location is 7
  The category is Rock
  Rock Question 2
  Answer was corrent!!!!
  Pat now has 3 Gold Coins.
  Sue is the current player
  They have rolled a 4
  Sue's new location is 10
  The category is Sports
  Sports Question 1
  Answer was corrent!!!!
  Sue now has 3 Gold Coins.
  Chet is the current player
  They have rolled a 4
  Chet is not getting out of the penalty box
  Pat is the current player
  They have rolled a 4
  Pat's new location is 11
  The category is Rock
  Rock Question 3
  Answer was corrent!!!!
  Pat now has 4 Gold Coins.
  Sue is the current player
  They have rolled a 1
  Sue's new location is 11
  The category is Rock
  Rock Question 4
  Answer was corrent!!!!
  Sue now has 4 Gold Coins.
  Chet is the current player
  They have rolled a 1
  Chet is getting out of the penalty box
  Chet's new location is 10
  The category is Sports
  Sports Question 2
  Answer was correct!!!!
  Chet now has 3 Gold Coins.
  Pat is the current player
  They have rolled a 5
  Pat's new location is 4
  The category is Pop
  Pop Question 1
  Answer was corrent!!!!
  Pat now has 5 Gold Coins.
  Sue is the current player
  They have rolled a 5
  Sue's new location is 4
  The category is Pop
  Pop Question 2
  Answer was corrent!!!!
  Sue now has 5 Gold Coins.
  Chet is the current player
  They have rolled a 4
  Chet is not getting out of the penalty box
  Pat is the current player
  They have rolled a 2
  Pat's new location is 6
  The category is Sports
  Sports Question 3
  Answer was corrent!!!!
  Pat now has 6 Gold Coins.
  "
  ==
  "Chet was added
  They are player number 1
  Pat was added
  They are player number 2
  Sue was added
  They are player number 3
  Chet is the current player
  They have rolled a 3
  Chet is getting out of the penalty box
  Chet's new location is 3
  The category is Rock
  Rock Question 0
  Answer was correct!!!!
  Chet now has 1 Gold Coins.
  Pat is the current player
  They have rolled a 5
  Pat's new location is 5
  The category is Science
  Science Question 0
  Answer was corrent!!!!
  Pat now has 1 Gold Coins.
  Sue is the current player
  They have rolled a 1
  Sue's new location is 1
  The category is Science
  Science Question 1
  Question was incorrectly answered
  Sue was sent to the penalty box
  Chet is the current player
  They have rolled a 2
  Chet is not getting out of the penalty box
  Pat is the current player
  They have rolled a 4
  Pat's new location is 9
  The category is Science
  Science Question 2
  Answer was corrent!!!!
  Pat now has 2 Gold Coins.
  Sue is the current player
  They have rolled a 2
  Sue is not getting out of the penalty box
  Chet is the current player
  They have rolled a 1
  Chet is getting out of the penalty box
  Chet's new location is 4
  The category is Pop
  Pop Question 0
  Answer was correct!!!!
  Chet now has 2 Gold Coins.
  Pat is the current player
  They have rolled a 1
  Pat's new location is 10
  The category is Sports
  Sports Question 0
  Answer was corrent!!!!
  Pat now has 3 Gold Coins.
  Sue is the current player
  They have rolled a 3
  Sue is getting out of the penalty box
  Sue's new location is 4
  The category is Pop
  Pop Question 1
  Question was incorrectly answered
  Sue was sent to the penalty box
  Chet is the current player
  They have rolled a 5
  Chet is getting out of the penalty box
  Chet's new location is 9
  The category is Science
  Science Question 3
  Answer was correct!!!!
  Chet now has 3 Gold Coins.
  Pat is the current player
  They have rolled a 5
  Pat's new location is 3
  The category is Rock
  Rock Question 1
  Answer was corrent!!!!
  Pat now has 4 Gold Coins.
  Sue is the current player
  They have rolled a 4
  Sue is not getting out of the penalty box
  Chet is the current player
  They have rolled a 1
  Chet is getting out of the penalty box
  Chet's new location is 10
  The category is Sports
  Sports Question 1
  Answer was correct!!!!
  Chet now has 4 Gold Coins.
  Pat is the current player
  They have rolled a 1
  Pat's new location is 4
  The category is Pop
  Pop Question 2
  Answer was corrent!!!!
  Pat now has 5 Gold Coins.
  Sue is the current player
  They have rolled a 1
  Sue is getting out of the penalty box
  Sue's new location is 5
  The category is Science
  Science Question 4
  Question was incorrectly answered
  Sue was sent to the penalty box
  Chet is the current player
  They have rolled a 5
  Chet is getting out of the penalty box
  Chet's new location is 3
  The category is Rock
  Rock Question 2
  Answer was correct!!!!
  Chet now has 5 Gold Coins.
  Pat is the current player
  They have rolled a 1
  Pat's new location is 5
  The category is Science
  Science Question 5
  Answer was corrent!!!!
  Pat now has 6 Gold Coins.
  "

-------------------------------------------------------------------------------
check for regressions against golden data
  49
-------------------------------------------------------------------------------
/home/brandon/Brandon/SpriNGBoard/Week9/test/regression/test__regression.cc:67
...............................................................................

/home/brandon/Brandon/SpriNGBoard/Week9/test/regression/test__regression.cc:70: FAILED:
  REQUIRE( result.actual == result.golden )
with expansion:
  "Chet was added
  They are player number 1
  Pat was added
  They are player number 2
  Sue was added
  They are player number 3
  Chet is the current player
  They have rolled a 3
  Chet is getting out of the penalty box
  Chet's new location is 3
  The category is Rock
  Rock Question 0
  Answer was correct!!!!
  Chet now has 1 Gold Coins.
  Pat is the current player
  They have rolled a 2
  Pat's new location is 2
  The category is Sports
  Sports Question 0
  Answer was corrent!!!!
  Pat now has 1 Gold Coins.
  Sue is the current player
  They have rolled a 1
  Sue's new location is 1
  The category is Science
  Science Question 0
  Answer was corrent!!!!
  Sue now has 1 Gold Coins.
  Chet is the current player
  They have rolled a 2
  Chet is not getting out of the penalty box
  Pat is the current player
  They have rolled a 5
  Pat's new location is 7
  The category is Rock
  Rock Question 1
  Answer was corrent!!!!
  Pat now has 2 Gold Coins.
  Sue is the current player
  They have rolled a 3
  Sue's new location is 4
  The category is Pop
  Pop Question 0
  Question was incorrectly answered
  Sue was sent to the penalty box
  Chet is the current player
  They have rolled a 5
  Chet is getting out of the penalty box
  Chet's new location is 8
  The category is Pop
  Pop Question 1
  Question was incorrectly answered
  Chet was sent to the penalty box
  Pat is the current player
  They have rolled a 4
  Pat's new location is 11
  The category is Rock
  Rock Question 2
  Answer was corrent!!!!
  Pat now has 3 Gold Coins.
  Sue is the current player
  They have rolled a 1
  Sue is getting out of the penalty box
  Sue's new location is 5
  The category is Science
  Science Question 1
  Answer was correct!!!!
  Sue now has 2 Gold Coins.
  Chet is the current player
  They have rolled a 4
  Chet is not getting out of the penalty box
  Pat is the current player
  They have rolled a 4
  Pat's new location is 3
  The category is Rock
  Rock Question 3
  Answer was corrent!!!!
  Pat now has 4 Gold Coins.
  Sue is the current player
  They have rolled a 3
  Sue's new location is 8
  The category is Pop
  Pop Question 2
  Answer was correct!!!!
  Sue now has 3 Gold Coins.
  Chet is the current player
  They have rolled a 2
  Chet is not getting out of the penalty box
  Pat is the current player
  They have rolled a 2
  Pat's new location is 5
  The category is Science
  Science Question 2
  Answer was corrent!!!!
  Pat now has 5 Gold Coins.
  Sue is the current player
  They have rolled a 3
  Sue is getting out of the penalty box
  Sue's new location is 11
  The category is Rock
  Rock Question 4
  Answer was correct!!!!
  Sue now has 4 Gold Coins.
  Chet is the current player
  They have rolled a 2
  Chet is not getting out of the penalty box
  Pat is the current player
  They have rolled a 1
  Pat's new location is 6
  The category is Sports
  Sports Question 1
  Answer was corrent!!!!
  Pat now has 6 Gold Coins.
  "
  ==
  "Chet was added
  They are player number 1
  Pat was added
  They are player number 2
  Sue was added
  They are player number 3
  Chet is the current player
  They have rolled a 3
  Chet is getting out of the penalty box
  Chet's new location is 3
  The category is Rock
  Rock Question 0
  Answer was correct!!!!
  Chet now has 1 Gold Coins.
  Pat is the current player
  They have rolled a 4
  Pat's new location is 4
  The category is Pop
  Pop Question 0
  Answer was corrent!!!!
  Pat now has 1 Gold Coins.
  Sue is the current player
  They have rolled a 4
  Sue's new location is 4
  The category is Pop
  Pop Question 1
  Answer was corrent!!!!
  Sue now has 1 Gold Coins.
  Chet is the current player
  They have rolled a 1
  Chet is getting out of the penalty box
  Chet's new location is 4
  The category is Pop
  Pop Question 2
  Answer was correct!!!!
  Chet now has 2 Gold Coins.
  Pat is the current player
  They have rolled a 5
  Pat's new location is 9
  The category is Science
  Science Question 0
  Answer was corrent!!!!
  Pat now has 2 Gold Coins.
  Sue is the current player
  They have rolled a 3
  Sue's new location is 7
  The category is Rock
  Rock Question 1
  Question was incorrectly answered
  Sue was sent to the penalty box
  Chet is the current player
  They have rolled a 5
  Chet is getting out of the penalty box
  Chet's new location is 9
  The category is Science
  Science Question 1
  Answer was correct!!!!
  Chet now has 3 Gold Coins.
  Pat is the current player
  They have rolled a 1
  Pat's new location is 10
  The category is Sports
  Sports Question 0
  Answer was corrent!!!!
  Pat now has 3 Gold Coins.
  Sue is the current player
  They have rolled a 3
  Sue is getting out of the penalty box
  Sue's new location is 10
  The category is Sports
  Sports Question 1
  Answer was correct!!!!
  Sue now has 2 Gold Coins.
  Chet is the current player
  They have rolled a 4
  Chet is not getting out of the penalty box
  Pat is the current player
  They have rolled a 4
  Pat's new location is 2
  The category is Sports
  Sports Question 2
  Answer was corrent!!!!
  Pat now has 4 Gold Coins.
  Sue is the current player
  They have rolled a 4
  Sue is not getting out of the penalty box
  Chet is the current player
  They have rolled a 3
  Chet is getting out of the penalty box
  Chet's new location is 0
  The category is Pop
  Pop Question 3
  Answer was correct!!!!
  Chet now has 4 Gold Coins.
  Pat is the current player
  They have rolled a 2
  Pat's new location is 4
  The category is Pop
  Pop Question 4
  Answer was corrent!!!!
  Pat now has 5 Gold Coins.
  Sue is the current player
  They have rolled a 3
  Sue is getting out of the penalty box
  Sue's new location is 1
  The category is Science
  Science Question 2
  Answer was correct!!!!
  Sue now has 3 Gold Coins.
  Chet is the current player
  They have rolled a 3
  Chet is getting out of the penalty box
  Chet's new location is 3
  The category is Rock
  Rock Question 2
  Answer was correct!!!!
  Chet now has 5 Gold Coins.
  Pat is the current player
  They have rolled a 2
  Pat's new location is 6
  The category is Sports
  Sports Question 3
  Question was incorrectly answered
  Pat was sent to the penalty box
  Sue is the current player
  They have rolled a 4
  Sue is not getting out of the penalty box
  Question was incorrectly answered
  Sue was sent to the penalty box
  Chet is the current player
  They have rolled a 2
  Chet is not getting out of the penalty box
  Pat is the current player
  They have rolled a 5
  Pat is getting out of the penalty box
  Pat's new location is 11
  The category is Rock
  Rock Question 3
  Answer was correct!!!!
  Pat now has 6 Gold Coins.
  "

===============================================================================
test cases:   1 |  0 passed |  1 failed
assertions: 100 | 50 passed | 50 failed

<end of output>
Test time =   0.26 sec
----------------------------------------------------------
Test Failed.
"test__regression" end time: Mar 26 13:43 PDT
"test__regression" time elapsed: 00:00:00
----------------------------------------------------------

2/2 Testing: test__Game
2/2 Test: test__Game
Command: "/home/brandon/Brandon/SpriNGBoard/Week9/build/test/game_lib/test__Game"
Directory: /home/brandon/Brandon/SpriNGBoard/Week9/build
"test__Game" start time: Mar 26 13:43 PDT
Output:
----------------------------------------------------------
Randomness seeded to: 1593278813

~~~~~~~~~~~~~~~~~~~~~~~~~~~~~~~~~~~~~~~~~~~~~~~~~~~~~~~~~~~~~~~~~~~~~~~~~~~~~~~
test__Game is a Catch2 v3.3.1 host application.
Run with -? for options

-------------------------------------------------------------------------------
Scenario: player actions are handled correctly
      Given: a valid Game
  And given: a player is in the penalty box
  And given: that player responds correctly
  And given: the player rolls an odd number
       When: the player's turn is handled
       Then: the player does not get out of the penalty box
-------------------------------------------------------------------------------
/home/brandon/Brandon/SpriNGBoard/Week9/test/game_lib/test__Game.cc:153
...............................................................................

/home/brandon/Brandon/SpriNGBoard/Week9/test/game_lib/test__Game.cc:154: FAILED:
  REQUIRE( player_2.get_is_in_penalty_box() == false )
with expansion:
  true == false

-------------------------------------------------------------------------------
Scenario: player actions are handled correctly
      Given: a valid Game
  And given: a player is in the penalty box
  And given: that player responds incorrectly
  And given: the player rolls an even number
       When: the player's turn is handled
       Then: the player is asked a question
-------------------------------------------------------------------------------
/home/brandon/Brandon/SpriNGBoard/Week9/test/game_lib/test__Game.cc:232
...............................................................................

/home/brandon/Brandon/SpriNGBoard/Week9/test/game_lib/test__Game.cc:233: FAILED:
  REQUIRE( player_2.get_was_asked_question() == true )
with expansion:
  false == true

===============================================================================
test cases:  1 |  0 passed | 1 failed
assertions: 24 | 22 passed | 2 failed

<end of output>
Test time =   0.01 sec
----------------------------------------------------------
Test Failed.
"test__Game" end time: Mar 26 13:43 PDT
"test__Game" time elapsed: 00:00:00
----------------------------------------------------------

End testing: Mar 26 13:43 PDT
